<?xml version="1.0" encoding="UTF-8"?>
<!-- Generated by org.testng.reporters.JUnitReportReporter -->
<testsuite hostname="DESKTOP-16K4T19" failures="0" tests="1" name="TestCases.VerifyBankingAccount" time="65.698" errors="0" timestamp="2023-03-29T03:55:46 IST" skipped="0">
  <testcase classname="TestCases.VerifyBankingAccount" name="verifyaccount" time="65.698"/>
  <system-out/>
</testsuite> <!-- TestCases.VerifyBankingAccount -->
