<?xml version="1.0" encoding="UTF-8"?>
<!-- Generated by org.testng.reporters.JUnitReportReporter -->
<testsuite hostname="DESKTOP-16K4T19" failures="0" tests="2" name="TestCases.VerifyLogin" time="47.608" errors="0" timestamp="2023-03-25T23:12:29 IST" skipped="0">
  <testcase classname="TestCases.VerifyLogin" name="verify" time="29.322"/>
  <system-out/>
  <testcase classname="TestCases.VerifyLogin" name="verify" time="18.286"/>
  <system-out/>
</testsuite> <!-- TestCases.VerifyLogin -->
