<?xml version="1.0" encoding="UTF-8"?>
<!-- Generated by org.testng.reporters.JUnitReportReporter -->
<testsuite hostname="DESKTOP-16K4T19" failures="0" tests="2" name="TestCases.VerifyLogin" time="28.771" errors="0" timestamp="2023-03-29T03:55:46 IST" skipped="0">
  <testcase classname="TestCases.VerifyLogin" name="verifylogin" time="14.704"/>
  <system-out/>
  <testcase classname="TestCases.VerifyLogin" name="verifylogin" time="14.067"/>
  <system-out/>
</testsuite> <!-- TestCases.VerifyLogin -->
