<?xml version="1.0" encoding="UTF-8"?>
<!-- Generated by org.testng.reporters.JUnitReportReporter -->
<testsuite hostname="DESKTOP-16K4T19" failures="0" tests="1" name="TestCases.VerifyRegister" time="31.650" errors="0" timestamp="2023-03-25T23:13:28 IST" skipped="0">
  <testcase classname="TestCases.VerifyRegister" name="verify" time="31.650"/>
  <system-out/>
</testsuite> <!-- TestCases.VerifyRegister -->
