<?xml version="1.0" encoding="UTF-8"?>
<!-- Generated by org.testng.reporters.JUnitReportReporter -->
<testsuite hostname="DESKTOP-16K4T19" failures="0" tests="1" name="TestCases.VerifyRegister" time="19.232" errors="0" timestamp="2023-03-28T19:02:39 IST" skipped="0">
  <testcase classname="TestCases.VerifyRegister" name="verify" time="19.232"/>
  <system-out/>
</testsuite> <!-- TestCases.VerifyRegister -->
