<?xml version="1.0" encoding="UTF-8"?>
<!-- Generated by org.testng.reporters.JUnitReportReporter -->
<testsuite hostname="DESKTOP-16K4T19" failures="0" tests="2" name="TestCases.VerifyLogin" time="36.517" errors="0" timestamp="2023-03-28T19:02:39 IST" skipped="0">
  <testcase classname="TestCases.VerifyLogin" name="verify" time="20.792"/>
  <system-out/>
  <testcase classname="TestCases.VerifyLogin" name="verify" time="15.725"/>
  <system-out/>
</testsuite> <!-- TestCases.VerifyLogin -->
