<?xml version="1.0" encoding="UTF-8"?>
<!-- Generated by org.testng.reporters.JUnitReportReporter -->
<testsuite hostname="DESKTOP-16K4T19" failures="0" tests="1" name="TestCases.VerifyBankingAccount" time="62.077" errors="0" timestamp="2023-03-26T01:27:16 IST" skipped="0">
  <testcase classname="TestCases.VerifyBankingAccount" name="verify" time="62.077"/>
  <system-out/>
</testsuite> <!-- TestCases.VerifyBankingAccount -->
